INFO - 2024-07-31 11:35:42 --> Session: Class initialized using 'CodeIgniter\Session\Handlers\RedisHandler' driver.
INFO - 2024-07-31 11:35:42 --> Session: Class initialized using 'CodeIgniter\Session\Handlers\RedisHandler' driver.
INFO - 2024-07-31 11:35:43 --> Session: Class initialized using 'CodeIgniter\Session\Handlers\RedisHandler' driver.
INFO - 2024-07-31 11:35:44 --> Session: Class initialized using 'CodeIgniter\Session\Handlers\RedisHandler' driver.
INFO - 2024-07-31 11:35:44 --> Session: Class initialized using 'CodeIgniter\Session\Handlers\RedisHandler' driver.
INFO - 2024-07-31 11:35:47 --> Session: Class initialized using 'CodeIgniter\Session\Handlers\RedisHandler' driver.
INFO - 2024-07-31 11:35:47 --> Session: Class initialized using 'CodeIgniter\Session\Handlers\RedisHandler' driver.
INFO - 2024-07-31 11:35:47 --> Session: Class initialized using 'CodeIgniter\Session\Handlers\RedisHandler' driver.
INFO - 2024-07-31 11:35:48 --> Session: Class initialized using 'CodeIgniter\Session\Handlers\RedisHandler' driver.
INFO - 2024-07-31 11:35:48 --> Session: Class initialized using 'CodeIgniter\Session\Handlers\RedisHandler' driver.
INFO - 2024-07-31 11:35:48 --> Session: Class initialized using 'CodeIgniter\Session\Handlers\RedisHandler' driver.
INFO - 2024-07-31 11:35:49 --> Session: Class initialized using 'CodeIgniter\Session\Handlers\RedisHandler' driver.
INFO - 2024-07-31 11:35:49 --> Session: Class initialized using 'CodeIgniter\Session\Handlers\RedisHandler' driver.
INFO - 2024-07-31 11:35:49 --> Session: Class initialized using 'CodeIgniter\Session\Handlers\RedisHandler' driver.
INFO - 2024-07-31 11:35:51 --> Session: Class initialized using 'CodeIgniter\Session\Handlers\RedisHandler' driver.
INFO - 2024-07-31 11:35:51 --> Session: Class initialized using 'CodeIgniter\Session\Handlers\RedisHandler' driver.
INFO - 2024-07-31 11:35:51 --> Session: Class initialized using 'CodeIgniter\Session\Handlers\RedisHandler' driver.
INFO - 2024-07-31 11:35:52 --> Session: Class initialized using 'CodeIgniter\Session\Handlers\RedisHandler' driver.
INFO - 2024-07-31 11:35:56 --> Session: Class initialized using 'CodeIgniter\Session\Handlers\RedisHandler' driver.
INFO - 2024-07-31 11:35:57 --> Session: Class initialized using 'CodeIgniter\Session\Handlers\RedisHandler' driver.
INFO - 2024-07-31 11:36:00 --> Session: Class initialized using 'CodeIgniter\Session\Handlers\RedisHandler' driver.
INFO - 2024-07-31 11:36:01 --> Session: Class initialized using 'CodeIgniter\Session\Handlers\RedisHandler' driver.
INFO - 2024-07-31 11:36:01 --> Session: Class initialized using 'CodeIgniter\Session\Handlers\RedisHandler' driver.
INFO - 2024-07-31 11:36:02 --> Session: Class initialized using 'CodeIgniter\Session\Handlers\RedisHandler' driver.
CRITICAL - 2024-07-31 11:36:02 --> CodeIgniter\Database\Exceptions\DatabaseException: You must set the database table to be used with your query.
[Method: POST, Route: admin/seminar/penelitian/getdetail]
in SYSTEMPATH/Database/BaseConnection.php on line 927.
 1 SYSTEMPATH/Model.php(716): CodeIgniter\Database\BaseConnection->table()
 2 SYSTEMPATH/Model.php(922): CodeIgniter\Model->builder()
 3 APPPATH/Models/Admin/Seminar/Penelitian.php(218): CodeIgniter\Model->__call()
 4 APPPATH/Controllers/Admin/Seminar/Penelitian.php(114): App\Models\Admin\Seminar\Penelitian->getDetail()
 5 SYSTEMPATH/CodeIgniter.php(933): App\Controllers\Admin\Seminar\Penelitian->getDetail()
 6 SYSTEMPATH/CodeIgniter.php(509): CodeIgniter\CodeIgniter->runController()
 7 SYSTEMPATH/CodeIgniter.php(355): CodeIgniter\CodeIgniter->handleRequest()
 8 SYSTEMPATH/Boot.php(325): CodeIgniter\CodeIgniter->run()
 9 SYSTEMPATH/Boot.php(67): CodeIgniter\Boot::runCodeIgniter()
10 FCPATH/index.php(56): CodeIgniter\Boot::bootWeb()
INFO - 2024-07-31 11:37:35 --> Session: Class initialized using 'CodeIgniter\Session\Handlers\RedisHandler' driver.
INFO - 2024-07-31 11:37:36 --> Session: Class initialized using 'CodeIgniter\Session\Handlers\RedisHandler' driver.
INFO - 2024-07-31 11:37:36 --> Session: Class initialized using 'CodeIgniter\Session\Handlers\RedisHandler' driver.
INFO - 2024-07-31 11:37:36 --> Session: Class initialized using 'CodeIgniter\Session\Handlers\RedisHandler' driver.
INFO - 2024-07-31 11:37:37 --> Session: Class initialized using 'CodeIgniter\Session\Handlers\RedisHandler' driver.
INFO - 2024-07-31 11:37:37 --> Session: Class initialized using 'CodeIgniter\Session\Handlers\RedisHandler' driver.
INFO - 2024-07-31 11:37:47 --> Session: Class initialized using 'CodeIgniter\Session\Handlers\RedisHandler' driver.
INFO - 2024-07-31 11:37:47 --> Session: Class initialized using 'CodeIgniter\Session\Handlers\RedisHandler' driver.
INFO - 2024-07-31 11:37:47 --> Session: Class initialized using 'CodeIgniter\Session\Handlers\RedisHandler' driver.
INFO - 2024-07-31 11:37:48 --> Session: Class initialized using 'CodeIgniter\Session\Handlers\RedisHandler' driver.
INFO - 2024-07-31 11:37:51 --> Session: Class initialized using 'CodeIgniter\Session\Handlers\RedisHandler' driver.
INFO - 2024-07-31 11:37:51 --> Session: Class initialized using 'CodeIgniter\Session\Handlers\RedisHandler' driver.
INFO - 2024-07-31 11:37:55 --> Session: Class initialized using 'CodeIgniter\Session\Handlers\RedisHandler' driver.
INFO - 2024-07-31 11:37:55 --> Session: Class initialized using 'CodeIgniter\Session\Handlers\RedisHandler' driver.
INFO - 2024-07-31 11:37:56 --> Session: Class initialized using 'CodeIgniter\Session\Handlers\RedisHandler' driver.
INFO - 2024-07-31 11:38:02 --> Session: Class initialized using 'CodeIgniter\Session\Handlers\RedisHandler' driver.
INFO - 2024-07-31 11:38:10 --> Session: Class initialized using 'CodeIgniter\Session\Handlers\RedisHandler' driver.
INFO - 2024-07-31 11:38:14 --> Session: Class initialized using 'CodeIgniter\Session\Handlers\RedisHandler' driver.
INFO - 2024-07-31 11:38:14 --> Session: Class initialized using 'CodeIgniter\Session\Handlers\RedisHandler' driver.
INFO - 2024-07-31 11:38:17 --> Session: Class initialized using 'CodeIgniter\Session\Handlers\RedisHandler' driver.
INFO - 2024-07-31 11:38:17 --> Session: Class initialized using 'CodeIgniter\Session\Handlers\RedisHandler' driver.
INFO - 2024-07-31 11:38:19 --> Session: Class initialized using 'CodeIgniter\Session\Handlers\RedisHandler' driver.
INFO - 2024-07-31 11:38:20 --> Session: Class initialized using 'CodeIgniter\Session\Handlers\RedisHandler' driver.
INFO - 2024-07-31 11:38:20 --> Session: Class initialized using 'CodeIgniter\Session\Handlers\RedisHandler' driver.
INFO - 2024-07-31 11:38:29 --> Session: Class initialized using 'CodeIgniter\Session\Handlers\RedisHandler' driver.
INFO - 2024-07-31 11:38:30 --> Session: Class initialized using 'CodeIgniter\Session\Handlers\RedisHandler' driver.
INFO - 2024-07-31 11:38:30 --> Session: Class initialized using 'CodeIgniter\Session\Handlers\RedisHandler' driver.
INFO - 2024-07-31 11:38:30 --> Session: Class initialized using 'CodeIgniter\Session\Handlers\RedisHandler' driver.
INFO - 2024-07-31 11:38:31 --> Session: Class initialized using 'CodeIgniter\Session\Handlers\RedisHandler' driver.
INFO - 2024-07-31 11:38:31 --> Session: Class initialized using 'CodeIgniter\Session\Handlers\RedisHandler' driver.
INFO - 2024-07-31 11:38:31 --> Session: Class initialized using 'CodeIgniter\Session\Handlers\RedisHandler' driver.
INFO - 2024-07-31 11:38:31 --> Session: Class initialized using 'CodeIgniter\Session\Handlers\RedisHandler' driver.
INFO - 2024-07-31 11:41:58 --> Session: Class initialized using 'CodeIgniter\Session\Handlers\RedisHandler' driver.
INFO - 2024-07-31 11:41:59 --> Session: Class initialized using 'CodeIgniter\Session\Handlers\RedisHandler' driver.
INFO - 2024-07-31 11:41:59 --> Session: Class initialized using 'CodeIgniter\Session\Handlers\RedisHandler' driver.
INFO - 2024-07-31 11:41:59 --> Session: Class initialized using 'CodeIgniter\Session\Handlers\RedisHandler' driver.
INFO - 2024-07-31 11:41:59 --> Session: Class initialized using 'CodeIgniter\Session\Handlers\RedisHandler' driver.
INFO - 2024-07-31 11:42:20 --> Session: Class initialized using 'CodeIgniter\Session\Handlers\RedisHandler' driver.
INFO - 2024-07-31 11:42:21 --> Session: Class initialized using 'CodeIgniter\Session\Handlers\RedisHandler' driver.
INFO - 2024-07-31 11:42:21 --> Session: Class initialized using 'CodeIgniter\Session\Handlers\RedisHandler' driver.
INFO - 2024-07-31 11:42:22 --> Session: Class initialized using 'CodeIgniter\Session\Handlers\RedisHandler' driver.
INFO - 2024-07-31 11:42:22 --> Session: Class initialized using 'CodeIgniter\Session\Handlers\RedisHandler' driver.
INFO - 2024-07-31 11:42:22 --> Session: Class initialized using 'CodeIgniter\Session\Handlers\RedisHandler' driver.
INFO - 2024-07-31 11:42:23 --> Session: Class initialized using 'CodeIgniter\Session\Handlers\RedisHandler' driver.
INFO - 2024-07-31 11:42:23 --> Session: Class initialized using 'CodeIgniter\Session\Handlers\RedisHandler' driver.
INFO - 2024-07-31 11:42:24 --> Session: Class initialized using 'CodeIgniter\Session\Handlers\RedisHandler' driver.
INFO - 2024-07-31 11:42:24 --> Session: Class initialized using 'CodeIgniter\Session\Handlers\RedisHandler' driver.
INFO - 2024-07-31 11:42:51 --> Session: Class initialized using 'CodeIgniter\Session\Handlers\RedisHandler' driver.
INFO - 2024-07-31 11:42:51 --> Session: Class initialized using 'CodeIgniter\Session\Handlers\RedisHandler' driver.
INFO - 2024-07-31 11:42:52 --> Session: Class initialized using 'CodeIgniter\Session\Handlers\RedisHandler' driver.
INFO - 2024-07-31 11:42:53 --> Session: Class initialized using 'CodeIgniter\Session\Handlers\RedisHandler' driver.
INFO - 2024-07-31 11:42:54 --> Session: Class initialized using 'CodeIgniter\Session\Handlers\RedisHandler' driver.
INFO - 2024-07-31 11:42:54 --> Session: Class initialized using 'CodeIgniter\Session\Handlers\RedisHandler' driver.
INFO - 2024-07-31 11:42:54 --> Session: Class initialized using 'CodeIgniter\Session\Handlers\RedisHandler' driver.
INFO - 2024-07-31 11:42:55 --> Session: Class initialized using 'CodeIgniter\Session\Handlers\RedisHandler' driver.
INFO - 2024-07-31 11:43:03 --> Session: Class initialized using 'CodeIgniter\Session\Handlers\RedisHandler' driver.
INFO - 2024-07-31 11:43:03 --> Session: Class initialized using 'CodeIgniter\Session\Handlers\RedisHandler' driver.
INFO - 2024-07-31 11:43:03 --> Session: Class initialized using 'CodeIgniter\Session\Handlers\RedisHandler' driver.
INFO - 2024-07-31 11:43:03 --> Session: Class initialized using 'CodeIgniter\Session\Handlers\RedisHandler' driver.
INFO - 2024-07-31 11:43:04 --> Session: Class initialized using 'CodeIgniter\Session\Handlers\RedisHandler' driver.
INFO - 2024-07-31 11:43:06 --> Session: Class initialized using 'CodeIgniter\Session\Handlers\RedisHandler' driver.
INFO - 2024-07-31 11:43:06 --> Session: Class initialized using 'CodeIgniter\Session\Handlers\RedisHandler' driver.
INFO - 2024-07-31 11:43:07 --> Session: Class initialized using 'CodeIgniter\Session\Handlers\RedisHandler' driver.
INFO - 2024-07-31 11:43:07 --> Session: Class initialized using 'CodeIgniter\Session\Handlers\RedisHandler' driver.
INFO - 2024-07-31 11:43:07 --> Session: Class initialized using 'CodeIgniter\Session\Handlers\RedisHandler' driver.
INFO - 2024-07-31 11:43:07 --> Session: Class initialized using 'CodeIgniter\Session\Handlers\RedisHandler' driver.
INFO - 2024-07-31 11:43:08 --> Session: Class initialized using 'CodeIgniter\Session\Handlers\RedisHandler' driver.
INFO - 2024-07-31 11:43:08 --> Session: Class initialized using 'CodeIgniter\Session\Handlers\RedisHandler' driver.
INFO - 2024-07-31 11:43:08 --> Session: Class initialized using 'CodeIgniter\Session\Handlers\RedisHandler' driver.
INFO - 2024-07-31 11:43:09 --> Session: Class initialized using 'CodeIgniter\Session\Handlers\RedisHandler' driver.
INFO - 2024-07-31 11:43:33 --> Session: Class initialized using 'CodeIgniter\Session\Handlers\RedisHandler' driver.
INFO - 2024-07-31 11:43:34 --> Session: Class initialized using 'CodeIgniter\Session\Handlers\RedisHandler' driver.
INFO - 2024-07-31 11:43:34 --> Session: Class initialized using 'CodeIgniter\Session\Handlers\RedisHandler' driver.
INFO - 2024-07-31 11:43:34 --> Session: Class initialized using 'CodeIgniter\Session\Handlers\RedisHandler' driver.
INFO - 2024-07-31 11:43:34 --> Session: Class initialized using 'CodeIgniter\Session\Handlers\RedisHandler' driver.
INFO - 2024-07-31 11:43:35 --> Session: Class initialized using 'CodeIgniter\Session\Handlers\RedisHandler' driver.
INFO - 2024-07-31 11:43:35 --> Session: Class initialized using 'CodeIgniter\Session\Handlers\RedisHandler' driver.
INFO - 2024-07-31 11:43:35 --> Session: Class initialized using 'CodeIgniter\Session\Handlers\RedisHandler' driver.
INFO - 2024-07-31 11:43:36 --> Session: Class initialized using 'CodeIgniter\Session\Handlers\RedisHandler' driver.
INFO - 2024-07-31 11:43:48 --> Session: Class initialized using 'CodeIgniter\Session\Handlers\RedisHandler' driver.
INFO - 2024-07-31 11:43:49 --> Session: Class initialized using 'CodeIgniter\Session\Handlers\RedisHandler' driver.
INFO - 2024-07-31 11:43:53 --> Session: Class initialized using 'CodeIgniter\Session\Handlers\RedisHandler' driver.
INFO - 2024-07-31 11:43:54 --> Session: Class initialized using 'CodeIgniter\Session\Handlers\RedisHandler' driver.
INFO - 2024-07-31 11:44:00 --> Session: Class initialized using 'CodeIgniter\Session\Handlers\RedisHandler' driver.
INFO - 2024-07-31 11:44:04 --> Session: Class initialized using 'CodeIgniter\Session\Handlers\RedisHandler' driver.
INFO - 2024-07-31 11:44:05 --> Session: Class initialized using 'CodeIgniter\Session\Handlers\RedisHandler' driver.
INFO - 2024-07-31 11:44:08 --> Session: Class initialized using 'CodeIgniter\Session\Handlers\RedisHandler' driver.
INFO - 2024-07-31 11:44:11 --> Session: Class initialized using 'CodeIgniter\Session\Handlers\RedisHandler' driver.
INFO - 2024-07-31 11:44:12 --> Session: Class initialized using 'CodeIgniter\Session\Handlers\RedisHandler' driver.
INFO - 2024-07-31 11:45:21 --> Session: Class initialized using 'CodeIgniter\Session\Handlers\RedisHandler' driver.
INFO - 2024-07-31 11:46:16 --> Session: Class initialized using 'CodeIgniter\Session\Handlers\RedisHandler' driver.
INFO - 2024-07-31 11:46:17 --> Session: Class initialized using 'CodeIgniter\Session\Handlers\RedisHandler' driver.
INFO - 2024-07-31 11:48:09 --> Session: Class initialized using 'CodeIgniter\Session\Handlers\RedisHandler' driver.
INFO - 2024-07-31 11:48:10 --> Session: Class initialized using 'CodeIgniter\Session\Handlers\RedisHandler' driver.
INFO - 2024-07-31 11:48:10 --> Session: Class initialized using 'CodeIgniter\Session\Handlers\RedisHandler' driver.
INFO - 2024-07-31 11:48:10 --> Session: Class initialized using 'CodeIgniter\Session\Handlers\RedisHandler' driver.
INFO - 2024-07-31 11:48:23 --> Session: Class initialized using 'CodeIgniter\Session\Handlers\RedisHandler' driver.
INFO - 2024-07-31 11:48:23 --> Session: Class initialized using 'CodeIgniter\Session\Handlers\RedisHandler' driver.
INFO - 2024-07-31 11:48:35 --> Session: Class initialized using 'CodeIgniter\Session\Handlers\RedisHandler' driver.
INFO - 2024-07-31 11:49:30 --> Session: Class initialized using 'CodeIgniter\Session\Handlers\RedisHandler' driver.
INFO - 2024-07-31 11:49:30 --> Session: Class initialized using 'CodeIgniter\Session\Handlers\RedisHandler' driver.
INFO - 2024-07-31 11:49:30 --> Session: Class initialized using 'CodeIgniter\Session\Handlers\RedisHandler' driver.
INFO - 2024-07-31 11:49:30 --> Session: Class initialized using 'CodeIgniter\Session\Handlers\RedisHandler' driver.
INFO - 2024-07-31 11:49:32 --> Session: Class initialized using 'CodeIgniter\Session\Handlers\RedisHandler' driver.
INFO - 2024-07-31 11:49:32 --> Session: Class initialized using 'CodeIgniter\Session\Handlers\RedisHandler' driver.
INFO - 2024-07-31 11:49:33 --> Session: Class initialized using 'CodeIgniter\Session\Handlers\RedisHandler' driver.
INFO - 2024-07-31 11:49:34 --> Session: Class initialized using 'CodeIgniter\Session\Handlers\RedisHandler' driver.
INFO - 2024-07-31 11:49:34 --> Session: Class initialized using 'CodeIgniter\Session\Handlers\RedisHandler' driver.
INFO - 2024-07-31 11:49:35 --> Session: Class initialized using 'CodeIgniter\Session\Handlers\RedisHandler' driver.
INFO - 2024-07-31 11:50:13 --> Session: Class initialized using 'CodeIgniter\Session\Handlers\RedisHandler' driver.
INFO - 2024-07-31 11:51:41 --> Session: Class initialized using 'CodeIgniter\Session\Handlers\RedisHandler' driver.
INFO - 2024-07-31 11:51:42 --> Session: Class initialized using 'CodeIgniter\Session\Handlers\RedisHandler' driver.
INFO - 2024-07-31 11:51:42 --> Session: Class initialized using 'CodeIgniter\Session\Handlers\RedisHandler' driver.
INFO - 2024-07-31 11:51:42 --> Session: Class initialized using 'CodeIgniter\Session\Handlers\RedisHandler' driver.
INFO - 2024-07-31 11:51:51 --> Session: Class initialized using 'CodeIgniter\Session\Handlers\RedisHandler' driver.
INFO - 2024-07-31 11:51:51 --> Session: Class initialized using 'CodeIgniter\Session\Handlers\RedisHandler' driver.
INFO - 2024-07-31 11:51:52 --> Session: Class initialized using 'CodeIgniter\Session\Handlers\RedisHandler' driver.
INFO - 2024-07-31 11:51:52 --> Session: Class initialized using 'CodeIgniter\Session\Handlers\RedisHandler' driver.
INFO - 2024-07-31 11:52:35 --> Session: Class initialized using 'CodeIgniter\Session\Handlers\RedisHandler' driver.
INFO - 2024-07-31 11:52:37 --> Session: Class initialized using 'CodeIgniter\Session\Handlers\RedisHandler' driver.
INFO - 2024-07-31 11:52:37 --> Session: Class initialized using 'CodeIgniter\Session\Handlers\RedisHandler' driver.
INFO - 2024-07-31 11:52:37 --> Session: Class initialized using 'CodeIgniter\Session\Handlers\RedisHandler' driver.
INFO - 2024-07-31 11:52:49 --> Session: Class initialized using 'CodeIgniter\Session\Handlers\RedisHandler' driver.
INFO - 2024-07-31 11:52:50 --> Session: Class initialized using 'CodeIgniter\Session\Handlers\RedisHandler' driver.
INFO - 2024-07-31 11:52:51 --> Session: Class initialized using 'CodeIgniter\Session\Handlers\RedisHandler' driver.
INFO - 2024-07-31 11:52:51 --> Session: Class initialized using 'CodeIgniter\Session\Handlers\RedisHandler' driver.
INFO - 2024-07-31 11:52:51 --> Session: Class initialized using 'CodeIgniter\Session\Handlers\RedisHandler' driver.
INFO - 2024-07-31 11:52:57 --> Session: Class initialized using 'CodeIgniter\Session\Handlers\RedisHandler' driver.
WARNING - 2024-07-31 11:52:58 --> [DEPRECATED] strlen(): Passing null to parameter #1 ($string) of type string is deprecated in APPPATH/Validation/Admin/Pengguna.php on line 23.
 1 APPPATH/Validation/Admin/Pengguna.php(23): strlen(null)
 2 SYSTEMPATH/Validation/Validation.php(317): App\Validation\Admin\Pengguna::App\Validation\Admin\{closure}(null, [...], null, 'password')
 3 SYSTEMPATH/Validation/Validation.php(201): CodeIgniter\Validation\Validation->processRules('password', 'Password', null, [...], [...], 'password')
 4 SYSTEMPATH/Controller.php(137): CodeIgniter\Validation\Validation->run()
 5 APPPATH/Controllers/Admin/Pengguna.php(97): CodeIgniter\Controller->validate([...])
 6 SYSTEMPATH/CodeIgniter.php(933): App\Controllers\Admin\Pengguna->submit()
 7 SYSTEMPATH/CodeIgniter.php(509): CodeIgniter\CodeIgniter->runController(Object(App\Controllers\Admin\Pengguna))
 8 SYSTEMPATH/CodeIgniter.php(355): CodeIgniter\CodeIgniter->handleRequest(null, Object(Config\Cache), false)
 9 SYSTEMPATH/Boot.php(325): CodeIgniter\CodeIgniter->run()
10 SYSTEMPATH/Boot.php(67): CodeIgniter\Boot::runCodeIgniter(Object(CodeIgniter\CodeIgniter))
11 FCPATH/index.php(56): CodeIgniter\Boot::bootWeb(Object(Config\Paths))
WARNING - 2024-07-31 11:52:58 --> [DEPRECATED] strlen(): Passing null to parameter #1 ($string) of type string is deprecated in APPPATH/Validation/Admin/Pengguna.php on line 47.
 1 APPPATH/Validation/Admin/Pengguna.php(47): strlen(null)
 2 SYSTEMPATH/Validation/Validation.php(317): App\Validation\Admin\Pengguna::App\Validation\Admin\{closure}(null, [...], null, 'confirm_password')
 3 SYSTEMPATH/Validation/Validation.php(201): CodeIgniter\Validation\Validation->processRules('confirm_password', 'Konfirmasi password', null, [...], [...], 'confirm_password')
 4 SYSTEMPATH/Controller.php(137): CodeIgniter\Validation\Validation->run()
 5 APPPATH/Controllers/Admin/Pengguna.php(97): CodeIgniter\Controller->validate([...])
 6 SYSTEMPATH/CodeIgniter.php(933): App\Controllers\Admin\Pengguna->submit()
 7 SYSTEMPATH/CodeIgniter.php(509): CodeIgniter\CodeIgniter->runController(Object(App\Controllers\Admin\Pengguna))
 8 SYSTEMPATH/CodeIgniter.php(355): CodeIgniter\CodeIgniter->handleRequest(null, Object(Config\Cache), false)
 9 SYSTEMPATH/Boot.php(325): CodeIgniter\CodeIgniter->run()
10 SYSTEMPATH/Boot.php(67): CodeIgniter\Boot::runCodeIgniter(Object(CodeIgniter\CodeIgniter))
11 FCPATH/index.php(56): CodeIgniter\Boot::bootWeb(Object(Config\Paths))
INFO - 2024-07-31 11:53:08 --> Session: Class initialized using 'CodeIgniter\Session\Handlers\RedisHandler' driver.
INFO - 2024-07-31 11:53:09 --> Session: Class initialized using 'CodeIgniter\Session\Handlers\RedisHandler' driver.
INFO - 2024-07-31 11:53:09 --> Session: Class initialized using 'CodeIgniter\Session\Handlers\RedisHandler' driver.
INFO - 2024-07-31 11:53:09 --> Session: Class initialized using 'CodeIgniter\Session\Handlers\RedisHandler' driver.
INFO - 2024-07-31 11:53:10 --> Session: Class initialized using 'CodeIgniter\Session\Handlers\RedisHandler' driver.
INFO - 2024-07-31 11:53:16 --> Session: Class initialized using 'CodeIgniter\Session\Handlers\RedisHandler' driver.
INFO - 2024-07-31 11:53:17 --> Session: Class initialized using 'CodeIgniter\Session\Handlers\RedisHandler' driver.
INFO - 2024-07-31 11:53:18 --> Session: Class initialized using 'CodeIgniter\Session\Handlers\RedisHandler' driver.
INFO - 2024-07-31 11:53:18 --> Session: Class initialized using 'CodeIgniter\Session\Handlers\RedisHandler' driver.
INFO - 2024-07-31 11:53:18 --> Session: Class initialized using 'CodeIgniter\Session\Handlers\RedisHandler' driver.
INFO - 2024-07-31 11:53:26 --> Session: Class initialized using 'CodeIgniter\Session\Handlers\RedisHandler' driver.
INFO - 2024-07-31 11:53:27 --> Session: Class initialized using 'CodeIgniter\Session\Handlers\RedisHandler' driver.
INFO - 2024-07-31 11:53:27 --> Session: Class initialized using 'CodeIgniter\Session\Handlers\RedisHandler' driver.
INFO - 2024-07-31 11:53:27 --> Session: Class initialized using 'CodeIgniter\Session\Handlers\RedisHandler' driver.
INFO - 2024-07-31 11:53:28 --> Session: Class initialized using 'CodeIgniter\Session\Handlers\RedisHandler' driver.
INFO - 2024-07-31 11:53:38 --> Session: Class initialized using 'CodeIgniter\Session\Handlers\RedisHandler' driver.
WARNING - 2024-07-31 11:53:38 --> [DEPRECATED] strlen(): Passing null to parameter #1 ($string) of type string is deprecated in APPPATH/Validation/Admin/Pengguna.php on line 23.
 1 APPPATH/Validation/Admin/Pengguna.php(23): strlen(null)
 2 SYSTEMPATH/Validation/Validation.php(317): App\Validation\Admin\Pengguna::App\Validation\Admin\{closure}(null, [...], null, 'password')
 3 SYSTEMPATH/Validation/Validation.php(201): CodeIgniter\Validation\Validation->processRules('password', 'Password', null, [...], [...], 'password')
 4 SYSTEMPATH/Controller.php(137): CodeIgniter\Validation\Validation->run()
 5 APPPATH/Controllers/Admin/Pengguna.php(97): CodeIgniter\Controller->validate([...])
 6 SYSTEMPATH/CodeIgniter.php(933): App\Controllers\Admin\Pengguna->submit()
 7 SYSTEMPATH/CodeIgniter.php(509): CodeIgniter\CodeIgniter->runController(Object(App\Controllers\Admin\Pengguna))
 8 SYSTEMPATH/CodeIgniter.php(355): CodeIgniter\CodeIgniter->handleRequest(null, Object(Config\Cache), false)
 9 SYSTEMPATH/Boot.php(325): CodeIgniter\CodeIgniter->run()
10 SYSTEMPATH/Boot.php(67): CodeIgniter\Boot::runCodeIgniter(Object(CodeIgniter\CodeIgniter))
11 FCPATH/index.php(56): CodeIgniter\Boot::bootWeb(Object(Config\Paths))
WARNING - 2024-07-31 11:53:38 --> [DEPRECATED] strlen(): Passing null to parameter #1 ($string) of type string is deprecated in APPPATH/Validation/Admin/Pengguna.php on line 47.
 1 APPPATH/Validation/Admin/Pengguna.php(47): strlen(null)
 2 SYSTEMPATH/Validation/Validation.php(317): App\Validation\Admin\Pengguna::App\Validation\Admin\{closure}(null, [...], null, 'confirm_password')
 3 SYSTEMPATH/Validation/Validation.php(201): CodeIgniter\Validation\Validation->processRules('confirm_password', 'Konfirmasi password', null, [...], [...], 'confirm_password')
 4 SYSTEMPATH/Controller.php(137): CodeIgniter\Validation\Validation->run()
 5 APPPATH/Controllers/Admin/Pengguna.php(97): CodeIgniter\Controller->validate([...])
 6 SYSTEMPATH/CodeIgniter.php(933): App\Controllers\Admin\Pengguna->submit()
 7 SYSTEMPATH/CodeIgniter.php(509): CodeIgniter\CodeIgniter->runController(Object(App\Controllers\Admin\Pengguna))
 8 SYSTEMPATH/CodeIgniter.php(355): CodeIgniter\CodeIgniter->handleRequest(null, Object(Config\Cache), false)
 9 SYSTEMPATH/Boot.php(325): CodeIgniter\CodeIgniter->run()
10 SYSTEMPATH/Boot.php(67): CodeIgniter\Boot::runCodeIgniter(Object(CodeIgniter\CodeIgniter))
11 FCPATH/index.php(56): CodeIgniter\Boot::bootWeb(Object(Config\Paths))
INFO - 2024-07-31 11:53:49 --> Session: Class initialized using 'CodeIgniter\Session\Handlers\RedisHandler' driver.
INFO - 2024-07-31 11:53:49 --> Session: Class initialized using 'CodeIgniter\Session\Handlers\RedisHandler' driver.
INFO - 2024-07-31 11:53:50 --> Session: Class initialized using 'CodeIgniter\Session\Handlers\RedisHandler' driver.
INFO - 2024-07-31 11:53:50 --> Session: Class initialized using 'CodeIgniter\Session\Handlers\RedisHandler' driver.
INFO - 2024-07-31 11:53:50 --> Session: Class initialized using 'CodeIgniter\Session\Handlers\RedisHandler' driver.
INFO - 2024-07-31 11:54:57 --> Session: Class initialized using 'CodeIgniter\Session\Handlers\RedisHandler' driver.
INFO - 2024-07-31 11:54:57 --> Session: Class initialized using 'CodeIgniter\Session\Handlers\RedisHandler' driver.
INFO - 2024-07-31 11:54:58 --> Session: Class initialized using 'CodeIgniter\Session\Handlers\RedisHandler' driver.
INFO - 2024-07-31 11:54:58 --> Session: Class initialized using 'CodeIgniter\Session\Handlers\RedisHandler' driver.
INFO - 2024-07-31 11:55:00 --> Session: Class initialized using 'CodeIgniter\Session\Handlers\RedisHandler' driver.
INFO - 2024-07-31 11:55:08 --> Session: Class initialized using 'CodeIgniter\Session\Handlers\RedisHandler' driver.
INFO - 2024-07-31 11:55:08 --> Session: Class initialized using 'CodeIgniter\Session\Handlers\RedisHandler' driver.
INFO - 2024-07-31 11:55:08 --> Session: Class initialized using 'CodeIgniter\Session\Handlers\RedisHandler' driver.
INFO - 2024-07-31 11:55:08 --> Session: Class initialized using 'CodeIgniter\Session\Handlers\RedisHandler' driver.
INFO - 2024-07-31 11:55:08 --> Session: Class initialized using 'CodeIgniter\Session\Handlers\RedisHandler' driver.
INFO - 2024-07-31 11:55:12 --> Session: Class initialized using 'CodeIgniter\Session\Handlers\RedisHandler' driver.
INFO - 2024-07-31 11:55:12 --> Session: Class initialized using 'CodeIgniter\Session\Handlers\RedisHandler' driver.
INFO - 2024-07-31 11:55:12 --> Session: Class initialized using 'CodeIgniter\Session\Handlers\RedisHandler' driver.
INFO - 2024-07-31 11:55:12 --> Session: Class initialized using 'CodeIgniter\Session\Handlers\RedisHandler' driver.
INFO - 2024-07-31 11:55:12 --> Session: Class initialized using 'CodeIgniter\Session\Handlers\RedisHandler' driver.
INFO - 2024-07-31 11:55:12 --> Session: Class initialized using 'CodeIgniter\Session\Handlers\RedisHandler' driver.
INFO - 2024-07-31 11:55:13 --> Session: Class initialized using 'CodeIgniter\Session\Handlers\RedisHandler' driver.
INFO - 2024-07-31 11:55:13 --> Session: Class initialized using 'CodeIgniter\Session\Handlers\RedisHandler' driver.
INFO - 2024-07-31 11:55:13 --> Session: Class initialized using 'CodeIgniter\Session\Handlers\RedisHandler' driver.
INFO - 2024-07-31 11:55:15 --> Session: Class initialized using 'CodeIgniter\Session\Handlers\RedisHandler' driver.
INFO - 2024-07-31 11:55:15 --> Session: Class initialized using 'CodeIgniter\Session\Handlers\RedisHandler' driver.
INFO - 2024-07-31 11:55:15 --> Session: Class initialized using 'CodeIgniter\Session\Handlers\RedisHandler' driver.
INFO - 2024-07-31 11:55:15 --> Session: Class initialized using 'CodeIgniter\Session\Handlers\RedisHandler' driver.
INFO - 2024-07-31 11:55:15 --> Session: Class initialized using 'CodeIgniter\Session\Handlers\RedisHandler' driver.
INFO - 2024-07-31 11:55:16 --> Session: Class initialized using 'CodeIgniter\Session\Handlers\RedisHandler' driver.
INFO - 2024-07-31 11:55:16 --> Session: Class initialized using 'CodeIgniter\Session\Handlers\RedisHandler' driver.
INFO - 2024-07-31 11:55:16 --> Session: Class initialized using 'CodeIgniter\Session\Handlers\RedisHandler' driver.
INFO - 2024-07-31 11:55:16 --> Session: Class initialized using 'CodeIgniter\Session\Handlers\RedisHandler' driver.
INFO - 2024-07-31 11:55:17 --> Session: Class initialized using 'CodeIgniter\Session\Handlers\RedisHandler' driver.
INFO - 2024-07-31 11:55:18 --> Session: Class initialized using 'CodeIgniter\Session\Handlers\RedisHandler' driver.
INFO - 2024-07-31 11:55:18 --> Session: Class initialized using 'CodeIgniter\Session\Handlers\RedisHandler' driver.
INFO - 2024-07-31 11:55:18 --> Session: Class initialized using 'CodeIgniter\Session\Handlers\RedisHandler' driver.
INFO - 2024-07-31 11:55:20 --> Session: Class initialized using 'CodeIgniter\Session\Handlers\RedisHandler' driver.
